<?xml version="1.0" encoding="UTF-8"?>
<testsuite xmlns:xsi="http://www.w3.org/2001/XMLSchema-instance" xsi:noNamespaceSchemaLocation="https://maven.apache.org/surefire/maven-surefire-plugin/xsd/surefire-test-report-3.0.xsd" version="3.0" name="com.example.LionTest" time="0.119" tests="11" errors="0" skipped="0" failures="0">
  <properties>
[...]
</properties>
  <testcase name="testGetFoodReturnsFelinePredatorFood" classname="com.example.LionTest" time="0.025"/>
  <testcase name="testConstructorWithDifferentSexes(String, boolean)[1]" classname="com.example.LionTest" time="0.004"/>
  <testcase name="testConstructorWithDifferentSexes(String, boolean)[2]" classname="com.example.LionTest" time="0.002"/>
  <testcase name="testGetFoodCallsFelineGetFoodOnce" classname="com.example.LionTest" time="0.005"/>
  <testcase name="testGetKittensReturnsFelineKittens" classname="com.example.LionTest" time="0.006"/>
  <testcase name="testGetFoodThrowsExceptionWhenFelineThrows" classname="com.example.LionTest" time="0.004"/>
  <testcase name="testGetKittensCallsFelineGetKittens" classname="com.example.LionTest" time="0.003"/>
  <testcase name="testDoesHaveManeForFemale" classname="com.example.LionTest" time="0.004"/>
  <testcase name="testConstructorExceptionMessage" classname="com.example.LionTest" time="0.001"/>
  <testcase name="testConstructorThrowsExceptionWithInvalidSex" classname="com.example.LionTest" time="0.002"/>
  <testcase name="testDoesHaveManeForMale" classname="com.example.LionTest" time="0.002"/>
</testsuite>