<?xml version="1.0" encoding="UTF-8"?>
<testsuite xmlns:xsi="http://www.w3.org/2001/XMLSchema-instance" xsi:noNamespaceSchemaLocation="https://maven.apache.org/surefire/maven-surefire-plugin/xsd/surefire-test-report-3.0.xsd" version="3.0" name="com.example.FelineParametrizedTest" time="0.0" tests="6" errors="0" skipped="0" failures="0">
  <properties>
[...]
</properties>
  <testcase name="getKittensReturnSameParam[0]" classname="com.example.FelineParametrizedTest" time="0.0"/>
  <testcase name="eatMeatTest[0]" classname="com.example.FelineParametrizedTest" time="0.0"/>
  <testcase name="getKittensReturnSameParam[1]" classname="com.example.FelineParametrizedTest" time="0.0"/>
  <testcase name="eatMeatTest[1]" classname="com.example.FelineParametrizedTest" time="0.0"/>
  <testcase name="getKittensReturnSameParam[2]" classname="com.example.FelineParametrizedTest" time="0.0"/>
  <testcase name="eatMeatTest[2]" classname="com.example.FelineParametrizedTest" time="0.0"/>
</testsuite>