<?xml version="1.0" encoding="UTF-8"?>
<testsuite xmlns:xsi="http://www.w3.org/2001/XMLSchema-instance" xsi:noNamespaceSchemaLocation="https://maven.apache.org/surefire/maven-surefire-plugin/xsd/surefire-test-report-3.0.xsd" version="3.0" name="FelineParameterizedTest" time="0.058" tests="4" errors="0" skipped="0" failures="0">
  <properties>
[...]
</properties>
  <testcase name="getKittens_WithDifferentCounts_ReturnsCorrectValues(int)[1]" classname="FelineParameterizedTest" time="0.021"/>
  <testcase name="getKittens_WithDifferentCounts_ReturnsCorrectValues(int)[2]" classname="FelineParameterizedTest" time="0.001"/>
  <testcase name="getKittens_WithDifferentCounts_ReturnsCorrectValues(int)[3]" classname="FelineParameterizedTest" time="0.001"/>
  <testcase name="getKittens_WithDifferentCounts_ReturnsCorrectValues(int)[4]" classname="FelineParameterizedTest" time="0.001"/>
</testsuite>